<?xml version="1.0" encoding="UTF-8"?>
<!-- Generated by org.testng.reporters.JUnitXMLReporter -->
<testsuite hostname="rajasekhar-VirtualBox" failures="0" tests="4" name="Command line test" time="21.799" errors="0" timestamp="8 Sep 2020 19:32:30 GMT">
  <testcase classname="SecondTest" name="login" time="0.022"/>
  <testcase classname="SecondTest" name="setup" time="0.01"/>
  <testcase classname="SecondTest" name="teardown" time="0.0"/>
  <testcase classname="FirstTestCase" name="login" time="5.734"/>
</testsuite> <!-- Command line test -->
