<?xml version="1.0" encoding="UTF-8"?>
<testng-results total="1" passed="1" failed="0" skipped="0">
  <reporter-output>
  </reporter-output>
  <suite started-at="2020-09-08T19:15:16Z" name="Command line suite" finished-at="2020-09-08T19:15:32Z" duration-ms="16191">
    <groups>
    </groups>
    <test started-at="2020-09-08T19:15:16Z" name="Command line test" finished-at="2020-09-08T19:15:32Z" duration-ms="16191">
      <class name="FirstTestCase">
        <test-method is-config="true" signature="setup()[pri:0, instance:FirstTestCase@3aeaafa6]" started-at="2020-09-09T00:45:16Z" name="setup" finished-at="2020-09-09T00:45:27Z" duration-ms="10948" status="PASS">
          <reporter-output>
          </reporter-output>
        </test-method> <!-- setup -->
        <test-method signature="login()[pri:0, instance:FirstTestCase@3aeaafa6]" started-at="2020-09-09T00:45:27Z" name="login" finished-at="2020-09-09T00:45:30Z" duration-ms="2928" status="PASS">
          <reporter-output>
          </reporter-output>
        </test-method> <!-- login -->
        <test-method is-config="true" signature="teardown()[pri:0, instance:FirstTestCase@3aeaafa6]" started-at="2020-09-09T00:45:30Z" name="teardown" finished-at="2020-09-09T00:45:32Z" duration-ms="2291" status="PASS">
          <reporter-output>
          </reporter-output>
        </test-method> <!-- teardown -->
      </class> <!-- FirstTestCase -->
    </test> <!-- Command line test -->
  </suite> <!-- Command line suite -->
</testng-results>
