<?xml version="1.0" encoding="UTF-8"?>
<testng-results total="4" passed="4" failed="0" skipped="0">
  <reporter-output>
  </reporter-output>
  <suite started-at="2020-09-08T19:32:08Z" name="Command line suite" finished-at="2020-09-08T19:32:30Z" duration-ms="21799">
    <groups>
    </groups>
    <test started-at="2020-09-08T19:32:08Z" name="Command line test" finished-at="2020-09-08T19:32:30Z" duration-ms="21799">
      <class name="FirstTestCase">
        <test-method is-config="true" signature="setup()[pri:0, instance:FirstTestCase@a38d7a3]" started-at="2020-09-09T01:02:08Z" name="setup" finished-at="2020-09-09T01:02:22Z" duration-ms="14245" status="PASS">
          <reporter-output>
          </reporter-output>
        </test-method> <!-- setup -->
        <test-method signature="login()[pri:0, instance:FirstTestCase@a38d7a3]" started-at="2020-09-09T01:02:22Z" name="login" finished-at="2020-09-09T01:02:28Z" duration-ms="5734" status="PASS">
          <reporter-output>
          </reporter-output>
        </test-method> <!-- login -->
        <test-method is-config="true" signature="teardown()[pri:0, instance:FirstTestCase@a38d7a3]" started-at="2020-09-09T01:02:28Z" name="teardown" finished-at="2020-09-09T01:02:30Z" duration-ms="1760" status="PASS">
          <reporter-output>
          </reporter-output>
        </test-method> <!-- teardown -->
      </class> <!-- FirstTestCase -->
      <class name="SecondTest">
        <test-method signature="login()[pri:0, instance:SecondTest@37374a5e]" started-at="2020-09-09T01:02:08Z" name="login" finished-at="2020-09-09T01:02:08Z" duration-ms="22" status="PASS">
          <reporter-output>
          </reporter-output>
        </test-method> <!-- login -->
        <test-method signature="setup()[pri:0, instance:SecondTest@37374a5e]" started-at="2020-09-09T01:02:08Z" name="setup" finished-at="2020-09-09T01:02:08Z" duration-ms="10" status="PASS">
          <reporter-output>
          </reporter-output>
        </test-method> <!-- setup -->
        <test-method signature="teardown()[pri:0, instance:SecondTest@37374a5e]" started-at="2020-09-09T01:02:08Z" name="teardown" finished-at="2020-09-09T01:02:08Z" duration-ms="0" status="PASS">
          <reporter-output>
          </reporter-output>
        </test-method> <!-- teardown -->
      </class> <!-- SecondTest -->
    </test> <!-- Command line test -->
  </suite> <!-- Command line suite -->
</testng-results>
